# JRE version: OpenJDK Runtime Environment Temurin-21.0.8+9 (21.0.8+9) (build 21.0.8+9-LTS)
# Java VM: OpenJDK 64-Bit Server VM Temurin-21.0.8+9 (21.0.8+9-LTS, mixed mode, sharing, tiered, compressed oops, compressed class ptrs, parallel gc, windows-amd64)
GC Precious Log:
 CardTable entry size: 512
 CPUs: 16 total, 16 available
 Memory: 32483M
 Large Page Support: Disabled
 NUMA Support: Disabled
 Compressed Oops: Enabled (32-bit)
 Alignments: Space 512K, Generation 512K, Heap 2M
 Heap Min Capacity: 100M
 Heap Initial Capacity: 100M
 Heap Max Capacity: 2G
 Pre-touch: Disabled
 Parallel Workers: 13
Heap:
 PSYoungGen      total 3584K, used 2430K [0x00000000d5580000, 0x00000000d5a00000, 0x0000000100000000)
  eden space 3072K, 70% used [0x00000000d5580000,0x00000000d579f9e8,0x00000000d5880000)
  from space 512K, 50% used [0x00000000d5900000,0x00000000d5940000,0x00000000d5980000)
  to   space 512K, 0% used [0x00000000d5980000,0x00000000d5980000,0x00000000d5a00000)
 ParOldGen       total 1157632K, used 83817K [0x0000000080000000, 0x00000000c6a80000, 0x00000000d5580000)
  object space 1157632K, 7% used [0x0000000080000000,0x00000000851da4a0,0x00000000c6a80000)
 Metaspace       used 83468K, committed 85504K, reserved 1179648K
  class space    used 8325K, committed 9152K, reserved 1048576K
GC Heap History (20 events):
Event: 2912.789 GC heap before
{Heap before GC invocations=2269 (full 5):
 PSYoungGen      total 3584K, used 3424K [0x00000000d5580000, 0x00000000d5a00000, 0x0000000100000000)
  eden space 3072K, 100% used [0x00000000d5580000,0x00000000d5880000,0x00000000d5880000)
  from space 512K, 68% used [0x00000000d5900000,0x00000000d5958000,0x00000000d5980000)
  to   space 512K, 0% used [0x00000000d5980000,0x00000000d5980000,0x00000000d5a00000)
 ParOldGen       total 1157632K, used 83657K [0x0000000080000000, 0x00000000c6a80000, 0x00000000d5580000)
  object space 1157632K, 7% used [0x0000000080000000,0x00000000851b24a0,0x00000000c6a80000)
 Metaspace       used 83468K, committed 85504K, reserved 1179648K
  class space    used 8325K, committed 9152K, reserved 1048576K
}
Event: 2912.790 GC heap after
{Heap after GC invocations=2269 (full 5):
 PSYoungGen      total 3584K, used 320K [0x00000000d5580000, 0x00000000d5a00000, 0x0000000100000000)
  eden space 3072K, 0% used [0x00000000d5580000,0x00000000d5580000,0x00000000d5880000)
  from space 512K, 62% used [0x00000000d5980000,0x00000000d59d0000,0x00000000d5a00000)
  to   space 512K, 0% used [0x00000000d5900000,0x00000000d5900000,0x00000000d5980000)
 ParOldGen       total 1157632K, used 83729K [0x0000000080000000, 0x00000000c6a80000, 0x00000000d5580000)
  object space 1157632K, 7% used [0x0000000080000000,0x00000000851c44a0,0x00000000c6a80000)
 Metaspace       used 83468K, committed 85504K, reserved 1179648K
  class space    used 8325K, committed 9152K, reserved 1048576K
}
Event: 2914.810 GC heap before
{Heap before GC invocations=2270 (full 5):
 PSYoungGen      total 3584K, used 3392K [0x00000000d5580000, 0x00000000d5a00000, 0x0000000100000000)
  eden space 3072K, 100% used [0x00000000d5580000,0x00000000d5880000,0x00000000d5880000)
  from space 512K, 62% used [0x00000000d5980000,0x00000000d59d0000,0x00000000d5a00000)
  to   space 512K, 0% used [0x00000000d5900000,0x00000000d5900000,0x00000000d5980000)
 ParOldGen       total 1157632K, used 83729K [0x0000000080000000, 0x00000000c6a80000, 0x00000000d5580000)
  object space 1157632K, 7% used [0x0000000080000000,0x00000000851c44a0,0x00000000c6a80000)
 Metaspace       used 83468K, committed 85504K, reserved 1179648K
  class space    used 8325K, committed 9152K, reserved 1048576K
}
Event: 2914.810 GC heap after
{Heap after GC invocations=2270 (full 5):
 PSYoungGen      total 3584K, used 352K [0x00000000d5580000, 0x00000000d5a00000, 0x0000000100000000)
  eden space 3072K, 0% used [0x00000000d5580000,0x00000000d5580000,0x00000000d5880000)
  from space 512K, 68% used [0x00000000d5900000,0x00000000d5958000,0x00000000d5980000)
  to   space 512K, 0% used [0x00000000d5980000,0x00000000d5980000,0x00000000d5a00000)
 ParOldGen       total 1157632K, used 83737K [0x0000000080000000, 0x00000000c6a80000, 0x00000000d5580000)
  object space 1157632K, 7% used [0x0000000080000000,0x00000000851c64a0,0x00000000c6a80000)
 Metaspace       used 83468K, committed 85504K, reserved 1179648K
  class space    used 8325K, committed 9152K, reserved 1048576K
}
Event: 2916.683 GC heap before
{Heap before GC invocations=2271 (full 5):
 PSYoungGen      total 3584K, used 3424K [0x00000000d5580000, 0x00000000d5a00000, 0x0000000100000000)
  eden space 3072K, 100% used [0x00000000d5580000,0x00000000d5880000,0x00000000d5880000)
  from space 512K, 68% used [0x00000000d5900000,0x00000000d5958000,0x00000000d5980000)
  to   space 512K, 0% used [0x00000000d5980000,0x00000000d5980000,0x00000000d5a00000)
 ParOldGen       total 1157632K, used 83737K [0x0000000080000000, 0x00000000c6a80000, 0x00000000d5580000)
  object space 1157632K, 7% used [0x0000000080000000,0x00000000851c64a0,0x00000000c6a80000)
 Metaspace       used 83468K, committed 85504K, reserved 1179648K
  class space    used 8325K, committed 9152K, reserved 1048576K
}
Event: 2916.684 GC heap after
{Heap after GC invocations=2271 (full 5):
 PSYoungGen      total 3584K, used 384K [0x00000000d5580000, 0x00000000d5a00000, 0x0000000100000000)
  eden space 3072K, 0% used [0x00000000d5580000,0x00000000d5580000,0x00000000d5880000)
  from space 512K, 75% used [0x00000000d5980000,0x00000000d59e0000,0x00000000d5a00000)
  to   space 512K, 0% used [0x00000000d5900000,0x00000000d5900000,0x00000000d5980000)
 ParOldGen       total 1157632K, used 83737K [0x0000000080000000, 0x00000000c6a80000, 0x00000000d5580000)
  object space 1157632K, 7% used [0x0000000080000000,0x00000000851c64a0,0x00000000c6a80000)
 Metaspace       used 83468K, committed 85504K, reserved 1179648K
  class space    used 8325K, committed 9152K, reserved 1048576K
}
Event: 2918.829 GC heap before
{Heap before GC invocations=2272 (full 5):
 PSYoungGen      total 3584K, used 3450K [0x00000000d5580000, 0x00000000d5a00000, 0x0000000100000000)
  eden space 3072K, 99% used [0x00000000d5580000,0x00000000d587ea30,0x00000000d5880000)
  from space 512K, 75% used [0x00000000d5980000,0x00000000d59e0000,0x00000000d5a00000)
  to   space 512K, 0% used [0x00000000d5900000,0x00000000d5900000,0x00000000d5980000)
 ParOldGen       total 1157632K, used 83737K [0x0000000080000000, 0x00000000c6a80000, 0x00000000d5580000)
  object space 1157632K, 7% used [0x0000000080000000,0x00000000851c64a0,0x00000000c6a80000)
 Metaspace       used 83468K, committed 85504K, reserved 1179648K
  class space    used 8325K, committed 9152K, reserved 1048576K
}
Event: 2918.829 GC heap after
{Heap after GC invocations=2272 (full 5):
 PSYoungGen      total 3584K, used 192K [0x00000000d5580000, 0x00000000d5a00000, 0x0000000100000000)
  eden space 3072K, 0% used [0x00000000d5580000,0x00000000d5580000,0x00000000d5880000)
  from space 512K, 37% used [0x00000000d5900000,0x00000000d5930000,0x00000000d5980000)
  to   space 512K, 0% used [0x00000000d5980000,0x00000000d5980000,0x00000000d5a00000)
 ParOldGen       total 1157632K, used 83769K [0x0000000080000000, 0x00000000c6a80000, 0x00000000d5580000)
  object space 1157632K, 7% used [0x0000000080000000,0x00000000851ce4a0,0x00000000c6a80000)
 Metaspace       used 83468K, committed 85504K, reserved 1179648K
  class space    used 8325K, committed 9152K, reserved 1048576K
}
Event: 2920.785 GC heap before
{Heap before GC invocations=2273 (full 5):
 PSYoungGen      total 3584K, used 3264K [0x00000000d5580000, 0x00000000d5a00000, 0x0000000100000000)
  eden space 3072K, 100% used [0x00000000d5580000,0x00000000d5880000,0x00000000d5880000)
  from space 512K, 37% used [0x00000000d5900000,0x00000000d5930000,0x00000000d5980000)
  to   space 512K, 0% used [0x00000000d5980000,0x00000000d5980000,0x00000000d5a00000)
 ParOldGen       total 1157632K, used 83769K [0x0000000080000000, 0x00000000c6a80000, 0x00000000d5580000)
  object space 1157632K, 7% used [0x0000000080000000,0x00000000851ce4a0,0x00000000c6a80000)
 Metaspace       used 83468K, committed 85504K, reserved 1179648K
  class space    used 8325K, committed 9152K, reserved 1048576K
}
Event: 2920.787 GC heap after
{Heap after GC invocations=2273 (full 5):
 PSYoungGen      total 3584K, used 224K [0x00000000d5580000, 0x00000000d5a00000, 0x0000000100000000)
  eden space 3072K, 0% used [0x00000000d5580000,0x00000000d5580000,0x00000000d5880000)
  from space 512K, 43% used [0x00000000d5980000,0x00000000d59b8000,0x00000000d5a00000)
  to   space 512K, 0% used [0x00000000d5900000,0x00000000d5900000,0x00000000d5980000)
 ParOldGen       total 1157632K, used 83793K [0x0000000080000000, 0x00000000c6a80000, 0x00000000d5580000)
  object space 1157632K, 7% used [0x0000000080000000,0x00000000851d44a0,0x00000000c6a80000)
 Metaspace       used 83468K, committed 85504K, reserved 1179648K
  class space    used 8325K, committed 9152K, reserved 1048576K
}
Event: 2922.777 GC heap before
{Heap before GC invocations=2274 (full 5):
 PSYoungGen      total 3584K, used 3296K [0x00000000d5580000, 0x00000000d5a00000, 0x0000000100000000)
  eden space 3072K, 100% used [0x00000000d5580000,0x00000000d5880000,0x00000000d5880000)
  from space 512K, 43% used [0x00000000d5980000,0x00000000d59b8000,0x00000000d5a00000)
  to   space 512K, 0% used [0x00000000d5900000,0x00000000d5900000,0x00000000d5980000)
 ParOldGen       total 1157632K, used 83793K [0x0000000080000000, 0x00000000c6a80000, 0x00000000d5580000)
  object space 1157632K, 7% used [0x0000000080000000,0x00000000851d44a0,0x00000000c6a80000)
 Metaspace       used 83468K, committed 85504K, reserved 1179648K
  class space    used 8325K, committed 9152K, reserved 1048576K
}
Event: 2922.778 GC heap after
{Heap after GC invocations=2274 (full 5):
 PSYoungGen      total 3584K, used 352K [0x00000000d5580000, 0x00000000d5a00000, 0x0000000100000000)
  eden space 3072K, 0% used [0x00000000d5580000,0x00000000d5580000,0x00000000d5880000)
  from space 512K, 68% used [0x00000000d5900000,0x00000000d5958000,0x00000000d5980000)
  to   space 512K, 0% used [0x00000000d5980000,0x00000000d5980000,0x00000000d5a00000)
 ParOldGen       total 1157632K, used 83801K [0x0000000080000000, 0x00000000c6a80000, 0x00000000d5580000)
  object space 1157632K, 7% used [0x0000000080000000,0x00000000851d64a0,0x00000000c6a80000)
 Metaspace       used 83468K, committed 85504K, reserved 1179648K
  class space    used 8325K, committed 9152K, reserved 1048576K
}
Event: 2924.866 GC heap before
{Heap before GC invocations=2275 (full 5):
 PSYoungGen      total 3584K, used 3424K [0x00000000d5580000, 0x00000000d5a00000, 0x0000000100000000)
  eden space 3072K, 100% used [0x00000000d5580000,0x00000000d5880000,0x00000000d5880000)
  from space 512K, 68% used [0x00000000d5900000,0x00000000d5958000,0x00000000d5980000)
  to   space 512K, 0% used [0x00000000d5980000,0x00000000d5980000,0x00000000d5a00000)
 ParOldGen       total 1157632K, used 83801K [0x0000000080000000, 0x00000000c6a80000, 0x00000000d5580000)
  object space 1157632K, 7% used [0x0000000080000000,0x00000000851d64a0,0x00000000c6a80000)
 Metaspace       used 83468K, committed 85504K, reserved 1179648K
  class space    used 8325K, committed 9152K, reserved 1048576K
}
Event: 2924.867 GC heap after
{Heap after GC invocations=2275 (full 5):
 PSYoungGen      total 3584K, used 352K [0x00000000d5580000, 0x00000000d5a00000, 0x0000000100000000)
  eden space 3072K, 0% used [0x00000000d5580000,0x00000000d5580000,0x00000000d5880000)
  from space 512K, 68% used [0x00000000d5980000,0x00000000d59d8000,0x00000000d5a00000)
  to   space 512K, 0% used [0x00000000d5900000,0x00000000d5900000,0x00000000d5980000)
 ParOldGen       total 1157632K, used 83801K [0x0000000080000000, 0x00000000c6a80000, 0x00000000d5580000)
  object space 1157632K, 7% used [0x0000000080000000,0x00000000851d64a0,0x00000000c6a80000)
 Metaspace       used 83468K, committed 85504K, reserved 1179648K
  class space    used 8325K, committed 9152K, reserved 1048576K
}
Event: 2926.757 GC heap before
{Heap before GC invocations=2276 (full 5):
 PSYoungGen      total 3584K, used 3424K [0x00000000d5580000, 0x00000000d5a00000, 0x0000000100000000)
  eden space 3072K, 100% used [0x00000000d5580000,0x00000000d5880000,0x00000000d5880000)
  from space 512K, 68% used [0x00000000d5980000,0x00000000d59d8000,0x00000000d5a00000)
  to   space 512K, 0% used [0x00000000d5900000,0x00000000d5900000,0x00000000d5980000)
 ParOldGen       total 1157632K, used 83801K [0x0000000080000000, 0x00000000c6a80000, 0x00000000d5580000)
  object space 1157632K, 7% used [0x0000000080000000,0x00000000851d64a0,0x00000000c6a80000)
 Metaspace       used 83468K, committed 85504K, reserved 1179648K
  class space    used 8325K, committed 9152K, reserved 1048576K
}
Event: 2926.757 GC heap after
{Heap after GC invocations=2276 (full 5):
 PSYoungGen      total 3584K, used 352K [0x00000000d5580000, 0x00000000d5a00000, 0x0000000100000000)
  eden space 3072K, 0% used [0x00000000d5580000,0x00000000d5580000,0x00000000d5880000)
  from space 512K, 68% used [0x00000000d5900000,0x00000000d5958000,0x00000000d5980000)
  to   space 512K, 0% used [0x00000000d5980000,0x00000000d5980000,0x00000000d5a00000)
 ParOldGen       total 1157632K, used 83801K [0x0000000080000000, 0x00000000c6a80000, 0x00000000d5580000)
  object space 1157632K, 7% used [0x0000000080000000,0x00000000851d64a0,0x00000000c6a80000)
 Metaspace       used 83468K, committed 85504K, reserved 1179648K
  class space    used 8325K, committed 9152K, reserved 1048576K
}
Event: 2929.184 GC heap before
{Heap before GC invocations=2277 (full 5):
 PSYoungGen      total 3584K, used 3424K [0x00000000d5580000, 0x00000000d5a00000, 0x0000000100000000)
  eden space 3072K, 100% used [0x00000000d5580000,0x00000000d5880000,0x00000000d5880000)
  from space 512K, 68% used [0x00000000d5900000,0x00000000d5958000,0x00000000d5980000)
  to   space 512K, 0% used [0x00000000d5980000,0x00000000d5980000,0x00000000d5a00000)
 ParOldGen       total 1157632K, used 83801K [0x0000000080000000, 0x00000000c6a80000, 0x00000000d5580000)
  object space 1157632K, 7% used [0x0000000080000000,0x00000000851d64a0,0x00000000c6a80000)
 Metaspace       used 83468K, committed 85504K, reserved 1179648K
  class space    used 8325K, committed 9152K, reserved 1048576K
}
Event: 2929.188 GC heap after
{Heap after GC invocations=2277 (full 5):
 PSYoungGen      total 3584K, used 352K [0x00000000d5580000, 0x00000000d5a00000, 0x0000000100000000)
  eden space 3072K, 0% used [0x00000000d5580000,0x00000000d5580000,0x00000000d5880000)
  from space 512K, 68% used [0x00000000d5980000,0x00000000d59d8000,0x00000000d5a00000)
  to   space 512K, 0% used [0x00000000d5900000,0x00000000d5900000,0x00000000d5980000)
 ParOldGen       total 1157632K, used 83817K [0x0000000080000000, 0x00000000c6a80000, 0x00000000d5580000)
  object space 1157632K, 7% used [0x0000000080000000,0x00000000851da4a0,0x00000000c6a80000)
 Metaspace       used 83468K, committed 85504K, reserved 1179648K
  class space    used 8325K, committed 9152K, reserved 1048576K
}
Event: 2931.288 GC heap before
{Heap before GC invocations=2278 (full 5):
 PSYoungGen      total 3584K, used 3424K [0x00000000d5580000, 0x00000000d5a00000, 0x0000000100000000)
  eden space 3072K, 100% used [0x00000000d5580000,0x00000000d5880000,0x00000000d5880000)
  from space 512K, 68% used [0x00000000d5980000,0x00000000d59d8000,0x00000000d5a00000)
  to   space 512K, 0% used [0x00000000d5900000,0x00000000d5900000,0x00000000d5980000)
 ParOldGen       total 1157632K, used 83817K [0x0000000080000000, 0x00000000c6a80000, 0x00000000d5580000)
  object space 1157632K, 7% used [0x0000000080000000,0x00000000851da4a0,0x00000000c6a80000)
 Metaspace       used 83468K, committed 85504K, reserved 1179648K
  class space    used 8325K, committed 9152K, reserved 1048576K
}
Event: 2931.289 GC heap after
{Heap after GC invocations=2278 (full 5):
 PSYoungGen      total 3584K, used 256K [0x00000000d5580000, 0x00000000d5a00000, 0x0000000100000000)
  eden space 3072K, 0% used [0x00000000d5580000,0x00000000d5580000,0x00000000d5880000)
  from space 512K, 50% used [0x00000000d5900000,0x00000000d5940000,0x00000000d5980000)
  to   space 512K, 0% used [0x00000000d5980000,0x00000000d5980000,0x00000000d5a00000)
 ParOldGen       total 1157632K, used 83817K [0x0000000080000000, 0x00000000c6a80000, 0x00000000d5580000)
  object space 1157632K, 7% used [0x0000000080000000,0x00000000851da4a0,0x00000000c6a80000)
 Metaspace       used 83468K, committed 85504K, reserved 1179648K
  class space    used 8325K, committed 9152K, reserved 1048576K
}

